<?xml version="1.0" encoding="UTF-8"?>
<testng-results ignored="0" total="4" passed="4" failed="0" skipped="0">
  <reporter-output>
  </reporter-output>
  <suite started-at="2026-02-14T09:18:03 IST" name="Default suite" finished-at="2026-02-14T09:18:04 IST" duration-ms="230">
    <groups>
    </groups>
    <test started-at="2026-02-14T09:18:03 IST" name="Default test" finished-at="2026-02-14T09:18:04 IST" duration-ms="230">
      <class name="com.Automation2026.TestNgMethods">
        <test-method signature="Animal3()[pri:-1, instance:com.Automation2026.TestNgMethods@1d2adfbe]" started-at="2026-02-14T09:18:03 IST" name="Animal3" finished-at="2026-02-14T09:18:03 IST" duration-ms="40" status="PASS">
          <reporter-output>
          </reporter-output>
        </test-method> <!-- Animal3 -->
        <test-method signature="Animal4()[pri:0, instance:com.Automation2026.TestNgMethods@1d2adfbe]" started-at="2026-02-14T09:18:04 IST" name="Animal4" finished-at="2026-02-14T09:18:04 IST" duration-ms="6" status="PASS">
          <reporter-output>
          </reporter-output>
        </test-method> <!-- Animal4 -->
        <test-method signature="Animal1()[pri:1, instance:com.Automation2026.TestNgMethods@1d2adfbe]" started-at="2026-02-14T09:18:04 IST" name="Animal1" finished-at="2026-02-14T09:18:04 IST" duration-ms="3" status="PASS">
          <reporter-output>
          </reporter-output>
        </test-method> <!-- Animal1 -->
        <test-method signature="Animal2()[pri:2, instance:com.Automation2026.TestNgMethods@1d2adfbe]" started-at="2026-02-14T09:18:04 IST" name="Animal2" finished-at="2026-02-14T09:18:04 IST" duration-ms="22" status="PASS">
          <reporter-output>
          </reporter-output>
        </test-method> <!-- Animal2 -->
      </class> <!-- com.Automation2026.TestNgMethods -->
    </test> <!-- Default test -->
  </suite> <!-- Default suite -->
</testng-results>
