<?xml version="1.0" encoding="UTF-8"?>
<!-- Generated by org.testng.reporters.JUnitReportReporter -->
<testsuite hostname="CHL142077" failures="0" tests="4" name="com.Automation2026.TestNgMethods" time="0.071" errors="0" timestamp="2026-02-14T09:18:04 IST" skipped="0">
  <testcase classname="com.Automation2026.TestNgMethods" name="Animal3" time="0.040"/>
  <testcase classname="com.Automation2026.TestNgMethods" name="Animal4" time="0.006"/>
  <testcase classname="com.Automation2026.TestNgMethods" name="Animal1" time="0.003"/>
  <testcase classname="com.Automation2026.TestNgMethods" name="Animal2" time="0.022"/>
</testsuite> <!-- com.Automation2026.TestNgMethods -->
